<?xml version="1.0" encoding="UTF-8"?>
<testsuite name="JUnit Platform Suite" tests="2" skipped="0" failures="0" errors="2" time="46" hostname="Tigas" timestamp="2024-06-02T02:52:04">
<properties>
<property name="basedir" value="/home/tigas/TQS/TQS_FinalProject/backend/chuchu"/>
<property name="file.encoding" value="UTF-8"/>
<property name="file.separator" value="/"/>
<property name="java.class.path" value="/home/tigas/TQS/TQS_FinalProject/backend/chuchu/target/test-classes:/home/tigas/TQS/TQS_FinalProject/backend/chuchu/target/classes:/home/tigas/.m2/repository/org/springframework/boot/spring-boot-starter-thymeleaf/3.2.5/spring-boot-starter-thymeleaf-3.2.5.jar:/home/tigas/.m2/repository/org/springframework/boot/spring-boot-starter/3.2.5/spring-boot-starter-3.2.5.jar:/home/tigas/.m2/repository/org/springframework/boot/spring-boot-starter-logging/3.2.5/spring-boot-starter-logging-3.2.5.jar:/home/tigas/.m2/repository/ch/qos/logback/logback-classic/1.4.14/logback-classic-1.4.14.jar:/home/tigas/.m2/repository/ch/qos/logback/logback-core/1.4.14/logback-core-1.4.14.jar:/home/tigas/.m2/repository/org/apache/logging/log4j/log4j-to-slf4j/2.21.1/log4j-to-slf4j-2.21.1.jar:/home/tigas/.m2/repository/org/apache/logging/log4j/log4j-api/2.21.1/log4j-api-2.21.1.jar:/home/tigas/.m2/repository/org/slf4j/jul-to-slf4j/2.0.13/jul-to-slf4j-2.0.13.jar:/home/tigas/.m2/repository/jakarta/annotation/jakarta.annotation-api/2.1.1/jakarta.annotation-api-2.1.1.jar:/home/tigas/.m2/repository/org/yaml/snakeyaml/2.2/snakeyaml-2.2.jar:/home/tigas/.m2/repository/org/thymeleaf/thymeleaf-spring6/3.1.2.RELEASE/thymeleaf-spring6-3.1.2.RELEASE.jar:/home/tigas/.m2/repository/org/thymeleaf/thymeleaf/3.1.2.RELEASE/thymeleaf-3.1.2.RELEASE.jar:/home/tigas/.m2/repository/org/attoparser/attoparser/2.0.7.RELEASE/attoparser-2.0.7.RELEASE.jar:/home/tigas/.m2/repository/org/unbescape/unbescape/1.1.6.RELEASE/unbescape-1.1.6.RELEASE.jar:/home/tigas/.m2/repository/org/springframework/boot/spring-boot-starter-oauth2-resource-server/3.2.5/spring-boot-starter-oauth2-resource-server-3.2.5.jar:/home/tigas/.m2/repository/org/springframework/security/spring-security-config/6.2.4/spring-security-config-6.2.4.jar:/home/tigas/.m2/repository/org/springframework/spring-beans/6.1.6/spring-beans-6.1.6.jar:/home/tigas/.m2/repository/org/springframework/spring-context/6.1.6/spring-context-6.1.6.jar:/home/tigas/.m2/repository/org/springframework/security/spring-security-core/6.2.4/spring-security-core-6.2.4.jar:/home/tigas/.m2/repository/org/springframework/security/spring-security-crypto/6.2.4/spring-security-crypto-6.2.4.jar:/home/tigas/.m2/repository/org/springframework/spring-expression/6.1.6/spring-expression-6.1.6.jar:/home/tigas/.m2/repository/io/micrometer/micrometer-observation/1.12.5/micrometer-observation-1.12.5.jar:/home/tigas/.m2/repository/io/micrometer/micrometer-commons/1.12.5/micrometer-commons-1.12.5.jar:/home/tigas/.m2/repository/org/springframework/security/spring-security-oauth2-resource-server/6.2.4/spring-security-oauth2-resource-server-6.2.4.jar:/home/tigas/.m2/repository/org/springframework/security/spring-security-oauth2-core/6.2.4/spring-security-oauth2-core-6.2.4.jar:/home/tigas/.m2/repository/org/springframework/security/spring-security-oauth2-jose/6.2.4/spring-security-oauth2-jose-6.2.4.jar:/home/tigas/.m2/repository/com/nimbusds/nimbus-jose-jwt/9.24.4/nimbus-jose-jwt-9.24.4.jar:/home/tigas/.m2/repository/com/github/stephenc/jcip/jcip-annotations/1.0-1/jcip-annotations-1.0-1.jar:/home/tigas/.m2/repository/org/springframework/boot/spring-boot-starter-data-jpa/3.2.5/spring-boot-starter-data-jpa-3.2.5.jar:/home/tigas/.m2/repository/org/springframework/boot/spring-boot-starter-aop/3.2.5/spring-boot-starter-aop-3.2.5.jar:/home/tigas/.m2/repository/org/aspectj/aspectjweaver/1.9.22/aspectjweaver-1.9.22.jar:/home/tigas/.m2/repository/org/springframework/boot/spring-boot-starter-jdbc/3.2.5/spring-boot-starter-jdbc-3.2.5.jar:/home/tigas/.m2/repository/com/zaxxer/HikariCP/5.0.1/HikariCP-5.0.1.jar:/home/tigas/.m2/repository/org/springframework/spring-jdbc/6.1.6/spring-jdbc-6.1.6.jar:/home/tigas/.m2/repository/org/hibernate/orm/hibernate-core/6.4.4.Final/hibernate-core-6.4.4.Final.jar:/home/tigas/.m2/repository/jakarta/persistence/jakarta.persistence-api/3.1.0/jakarta.persistence-api-3.1.0.jar:/home/tigas/.m2/repository/jakarta/transaction/jakarta.transaction-api/2.0.1/jakarta.transaction-api-2.0.1.jar:/home/tigas/.m2/repository/org/jboss/logging/jboss-logging/3.5.3.Final/jboss-logging-3.5.3.Final.jar:/home/tigas/.m2/repository/org/hibernate/common/hibernate-commons-annotations/6.0.6.Final/hibernate-commons-annotations-6.0.6.Final.jar:/home/tigas/.m2/repository/io/smallrye/jandex/3.1.2/jandex-3.1.2.jar:/home/tigas/.m2/repository/com/fasterxml/classmate/1.6.0/classmate-1.6.0.jar:/home/tigas/.m2/repository/net/bytebuddy/byte-buddy/1.14.13/byte-buddy-1.14.13.jar:/home/tigas/.m2/repository/org/glassfish/jaxb/jaxb-runtime/4.0.5/jaxb-runtime-4.0.5.jar:/home/tigas/.m2/repository/org/glassfish/jaxb/jaxb-core/4.0.5/jaxb-core-4.0.5.jar:/home/tigas/.m2/repository/org/eclipse/angus/angus-activation/2.0.2/angus-activation-2.0.2.jar:/home/tigas/.m2/repository/org/glassfish/jaxb/txw2/4.0.5/txw2-4.0.5.jar:/home/tigas/.m2/repository/com/sun/istack/istack-commons-runtime/4.1.2/istack-commons-runtime-4.1.2.jar:/home/tigas/.m2/repository/jakarta/inject/jakarta.inject-api/2.0.1/jakarta.inject-api-2.0.1.jar:/home/tigas/.m2/repository/org/antlr/antlr4-runtime/4.13.0/antlr4-runtime-4.13.0.jar:/home/tigas/.m2/repository/org/springframework/data/spring-data-jpa/3.2.5/spring-data-jpa-3.2.5.jar:/home/tigas/.m2/repository/org/springframework/data/spring-data-commons/3.2.5/spring-data-commons-3.2.5.jar:/home/tigas/.m2/repository/org/springframework/spring-orm/6.1.6/spring-orm-6.1.6.jar:/home/tigas/.m2/repository/org/springframework/spring-tx/6.1.6/spring-tx-6.1.6.jar:/home/tigas/.m2/repository/org/springframework/spring-aspects/6.1.6/spring-aspects-6.1.6.jar:/home/tigas/.m2/repository/org/springframework/boot/spring-boot-starter-data-neo4j/3.2.5/spring-boot-starter-data-neo4j-3.2.5.jar:/home/tigas/.m2/repository/org/springframework/data/spring-data-neo4j/7.2.5/spring-data-neo4j-7.2.5.jar:/home/tigas/.m2/repository/org/neo4j/neo4j-cypher-dsl/2023.2.0/neo4j-cypher-dsl-2023.2.0.jar:/home/tigas/.m2/repository/org/neo4j/neo4j-cypher-dsl-schema-name-support/2023.2.0/neo4j-cypher-dsl-schema-name-support-2023.2.0.jar:/home/tigas/.m2/repository/org/neo4j/driver/neo4j-java-driver/5.19.0/neo4j-java-driver-5.19.0.jar:/home/tigas/.m2/repository/org/reactivestreams/reactive-streams/1.0.4/reactive-streams-1.0.4.jar:/home/tigas/.m2/repository/io/netty/netty-handler/4.1.109.Final/netty-handler-4.1.109.Final.jar:/home/tigas/.m2/repository/io/netty/netty-common/4.1.109.Final/netty-common-4.1.109.Final.jar:/home/tigas/.m2/repository/io/netty/netty-resolver/4.1.109.Final/netty-resolver-4.1.109.Final.jar:/home/tigas/.m2/repository/io/netty/netty-buffer/4.1.109.Final/netty-buffer-4.1.109.Final.jar:/home/tigas/.m2/repository/io/netty/netty-transport/4.1.109.Final/netty-transport-4.1.109.Final.jar:/home/tigas/.m2/repository/io/netty/netty-transport-native-unix-common/4.1.109.Final/netty-transport-native-unix-common-4.1.109.Final.jar:/home/tigas/.m2/repository/io/netty/netty-codec/4.1.109.Final/netty-codec-4.1.109.Final.jar:/home/tigas/.m2/repository/io/netty/netty-tcnative-classes/2.0.65.Final/netty-tcnative-classes-2.0.65.Final.jar:/home/tigas/.m2/repository/io/projectreactor/reactor-core/3.6.5/reactor-core-3.6.5.jar:/home/tigas/.m2/repository/org/springframework/boot/spring-boot-starter-validation/3.2.5/spring-boot-starter-validation-3.2.5.jar:/home/tigas/.m2/repository/org/apache/tomcat/embed/tomcat-embed-el/10.1.20/tomcat-embed-el-10.1.20.jar:/home/tigas/.m2/repository/org/hibernate/validator/hibernate-validator/8.0.1.Final/hibernate-validator-8.0.1.Final.jar:/home/tigas/.m2/repository/jakarta/validation/jakarta.validation-api/3.0.2/jakarta.validation-api-3.0.2.jar:/home/tigas/.m2/repository/org/springframework/boot/spring-boot-starter-security/3.2.5/spring-boot-starter-security-3.2.5.jar:/home/tigas/.m2/repository/org/springframework/spring-aop/6.1.6/spring-aop-6.1.6.jar:/home/tigas/.m2/repository/org/springframework/security/spring-security-web/6.2.4/spring-security-web-6.2.4.jar:/home/tigas/.m2/repository/org/springframework/boot/spring-boot-starter-web/3.2.5/spring-boot-starter-web-3.2.5.jar:/home/tigas/.m2/repository/org/springframework/boot/spring-boot-starter-json/3.2.5/spring-boot-starter-json-3.2.5.jar:/home/tigas/.m2/repository/com/fasterxml/jackson/core/jackson-databind/2.15.4/jackson-databind-2.15.4.jar:/home/tigas/.m2/repository/com/fasterxml/jackson/datatype/jackson-datatype-jdk8/2.15.4/jackson-datatype-jdk8-2.15.4.jar:/home/tigas/.m2/repository/com/fasterxml/jackson/datatype/jackson-datatype-jsr310/2.15.4/jackson-datatype-jsr310-2.15.4.jar:/home/tigas/.m2/repository/com/fasterxml/jackson/module/jackson-module-parameter-names/2.15.4/jackson-module-parameter-names-2.15.4.jar:/home/tigas/.m2/repository/org/springframework/boot/spring-boot-starter-tomcat/3.2.5/spring-boot-starter-tomcat-3.2.5.jar:/home/tigas/.m2/repository/org/apache/tomcat/embed/tomcat-embed-core/10.1.20/tomcat-embed-core-10.1.20.jar:/home/tigas/.m2/repository/org/apache/tomcat/embed/tomcat-embed-websocket/10.1.20/tomcat-embed-websocket-10.1.20.jar:/home/tigas/.m2/repository/org/springframework/spring-web/6.1.6/spring-web-6.1.6.jar:/home/tigas/.m2/repository/org/springframework/spring-webmvc/6.1.6/spring-webmvc-6.1.6.jar:/home/tigas/.m2/repository/org/springframework/session/spring-session-core/3.2.2/spring-session-core-3.2.2.jar:/home/tigas/.m2/repository/org/springframework/spring-jcl/6.1.6/spring-jcl-6.1.6.jar:/home/tigas/.m2/repository/org/springframework/boot/spring-boot-devtools/3.2.5/spring-boot-devtools-3.2.5.jar:/home/tigas/.m2/repository/org/springframework/boot/spring-boot/3.2.5/spring-boot-3.2.5.jar:/home/tigas/.m2/repository/org/springframework/boot/spring-boot-autoconfigure/3.2.5/spring-boot-autoconfigure-3.2.5.jar:/home/tigas/.m2/repository/org/postgresql/postgresql/42.6.2/postgresql-42.6.2.jar:/home/tigas/.m2/repository/org/checkerframework/checker-qual/3.31.0/checker-qual-3.31.0.jar:/home/tigas/.m2/repository/org/projectlombok/lombok/1.18.32/lombok-1.18.32.jar:/home/tigas/.m2/repository/org/springframework/boot/spring-boot-starter-test/3.2.5/spring-boot-starter-test-3.2.5.jar:/home/tigas/.m2/repository/org/springframework/boot/spring-boot-test/3.2.5/spring-boot-test-3.2.5.jar:/home/tigas/.m2/repository/org/springframework/boot/spring-boot-test-autoconfigure/3.2.5/spring-boot-test-autoconfigure-3.2.5.jar:/home/tigas/.m2/repository/com/jayway/jsonpath/json-path/2.9.0/json-path-2.9.0.jar:/home/tigas/.m2/repository/jakarta/xml/bind/jakarta.xml.bind-api/4.0.2/jakarta.xml.bind-api-4.0.2.jar:/home/tigas/.m2/repository/jakarta/activation/jakarta.activation-api/2.1.3/jakarta.activation-api-2.1.3.jar:/home/tigas/.m2/repository/net/minidev/json-smart/2.5.1/json-smart-2.5.1.jar:/home/tigas/.m2/repository/net/minidev/accessors-smart/2.5.1/accessors-smart-2.5.1.jar:/home/tigas/.m2/repository/org/ow2/asm/asm/9.6/asm-9.6.jar:/home/tigas/.m2/repository/org/assertj/assertj-core/3.24.2/assertj-core-3.24.2.jar:/home/tigas/.m2/repository/org/awaitility/awaitility/4.2.1/awaitility-4.2.1.jar:/home/tigas/.m2/repository/org/junit/jupiter/junit-jupiter/5.10.2/junit-jupiter-5.10.2.jar:/home/tigas/.m2/repository/org/junit/jupiter/junit-jupiter-params/5.10.2/junit-jupiter-params-5.10.2.jar:/home/tigas/.m2/repository/org/junit/jupiter/junit-jupiter-engine/5.10.2/junit-jupiter-engine-5.10.2.jar:/home/tigas/.m2/repository/org/mockito/mockito-core/5.7.0/mockito-core-5.7.0.jar:/home/tigas/.m2/repository/net/bytebuddy/byte-buddy-agent/1.14.13/byte-buddy-agent-1.14.13.jar:/home/tigas/.m2/repository/org/objenesis/objenesis/3.3/objenesis-3.3.jar:/home/tigas/.m2/repository/org/mockito/mockito-junit-jupiter/5.7.0/mockito-junit-jupiter-5.7.0.jar:/home/tigas/.m2/repository/org/skyscreamer/jsonassert/1.5.1/jsonassert-1.5.1.jar:/home/tigas/.m2/repository/com/vaadin/external/google/android-json/0.0.20131108.vaadin1/android-json-0.0.20131108.vaadin1.jar:/home/tigas/.m2/repository/org/springframework/spring-core/6.1.6/spring-core-6.1.6.jar:/home/tigas/.m2/repository/org/springframework/spring-test/6.1.6/spring-test-6.1.6.jar:/home/tigas/.m2/repository/org/xmlunit/xmlunit-core/2.9.1/xmlunit-core-2.9.1.jar:/home/tigas/.m2/repository/org/springframework/boot/spring-boot-testcontainers/3.2.5/spring-boot-testcontainers-3.2.5.jar:/home/tigas/.m2/repository/org/springframework/security/spring-security-test/6.2.4/spring-security-test-6.2.4.jar:/home/tigas/.m2/repository/org/testcontainers/junit-jupiter/1.19.7/junit-jupiter-1.19.7.jar:/home/tigas/.m2/repository/org/testcontainers/postgresql/1.19.7/postgresql-1.19.7.jar:/home/tigas/.m2/repository/org/testcontainers/jdbc/1.19.7/jdbc-1.19.7.jar:/home/tigas/.m2/repository/org/testcontainers/database-commons/1.19.7/database-commons-1.19.7.jar:/home/tigas/.m2/repository/org/seleniumhq/selenium/selenium-java/4.20.0/selenium-java-4.20.0.jar:/home/tigas/.m2/repository/org/seleniumhq/selenium/selenium-api/4.14.1/selenium-api-4.14.1.jar:/home/tigas/.m2/repository/org/seleniumhq/selenium/selenium-chrome-driver/4.14.1/selenium-chrome-driver-4.14.1.jar:/home/tigas/.m2/repository/com/google/auto/service/auto-service-annotations/1.1.1/auto-service-annotations-1.1.1.jar:/home/tigas/.m2/repository/com/google/guava/guava/32.1.2-jre/guava-32.1.2-jre.jar:/home/tigas/.m2/repository/com/google/guava/failureaccess/1.0.1/failureaccess-1.0.1.jar:/home/tigas/.m2/repository/com/google/guava/listenablefuture/9999.0-empty-to-avoid-conflict-with-guava/listenablefuture-9999.0-empty-to-avoid-conflict-with-guava.jar:/home/tigas/.m2/repository/com/google/code/findbugs/jsr305/3.0.2/jsr305-3.0.2.jar:/home/tigas/.m2/repository/com/google/errorprone/error_prone_annotations/2.18.0/error_prone_annotations-2.18.0.jar:/home/tigas/.m2/repository/com/google/j2objc/j2objc-annotations/2.8/j2objc-annotations-2.8.jar:/home/tigas/.m2/repository/org/seleniumhq/selenium/selenium-chromium-driver/4.14.1/selenium-chromium-driver-4.14.1.jar:/home/tigas/.m2/repository/org/seleniumhq/selenium/selenium-json/4.14.1/selenium-json-4.14.1.jar:/home/tigas/.m2/repository/org/seleniumhq/selenium/selenium-manager/4.14.1/selenium-manager-4.14.1.jar:/home/tigas/.m2/repository/org/seleniumhq/selenium/selenium-devtools-v122/4.20.0/selenium-devtools-v122-4.20.0.jar:/home/tigas/.m2/repository/org/seleniumhq/selenium/selenium-devtools-v123/4.20.0/selenium-devtools-v123-4.20.0.jar:/home/tigas/.m2/repository/org/seleniumhq/selenium/selenium-devtools-v124/4.20.0/selenium-devtools-v124-4.20.0.jar:/home/tigas/.m2/repository/org/seleniumhq/selenium/selenium-devtools-v85/4.14.1/selenium-devtools-v85-4.14.1.jar:/home/tigas/.m2/repository/org/seleniumhq/selenium/selenium-edge-driver/4.14.1/selenium-edge-driver-4.14.1.jar:/home/tigas/.m2/repository/org/seleniumhq/selenium/selenium-firefox-driver/4.14.1/selenium-firefox-driver-4.14.1.jar:/home/tigas/.m2/repository/org/seleniumhq/selenium/selenium-http/4.14.1/selenium-http-4.14.1.jar:/home/tigas/.m2/repository/dev/failsafe/failsafe/3.3.2/failsafe-3.3.2.jar:/home/tigas/.m2/repository/org/seleniumhq/selenium/selenium-ie-driver/4.14.1/selenium-ie-driver-4.14.1.jar:/home/tigas/.m2/repository/org/seleniumhq/selenium/selenium-remote-driver/4.14.1/selenium-remote-driver-4.14.1.jar:/home/tigas/.m2/repository/io/opentelemetry/opentelemetry-api/1.31.0/opentelemetry-api-1.31.0.jar:/home/tigas/.m2/repository/io/opentelemetry/opentelemetry-context/1.31.0/opentelemetry-context-1.31.0.jar:/home/tigas/.m2/repository/io/opentelemetry/opentelemetry-exporter-logging/1.31.0/opentelemetry-exporter-logging-1.31.0.jar:/home/tigas/.m2/repository/io/opentelemetry/opentelemetry-sdk-common/1.31.0/opentelemetry-sdk-common-1.31.0.jar:/home/tigas/.m2/repository/io/opentelemetry/opentelemetry-sdk-extension-autoconfigure-spi/1.31.0/opentelemetry-sdk-extension-autoconfigure-spi-1.31.0.jar:/home/tigas/.m2/repository/io/opentelemetry/opentelemetry-sdk-extension-autoconfigure/1.31.0/opentelemetry-sdk-extension-autoconfigure-1.31.0.jar:/home/tigas/.m2/repository/io/opentelemetry/opentelemetry-api-events/1.31.0-alpha/opentelemetry-api-events-1.31.0-alpha.jar:/home/tigas/.m2/repository/io/opentelemetry/opentelemetry-sdk-trace/1.31.0/opentelemetry-sdk-trace-1.31.0.jar:/home/tigas/.m2/repository/io/opentelemetry/opentelemetry-sdk/1.31.0/opentelemetry-sdk-1.31.0.jar:/home/tigas/.m2/repository/io/opentelemetry/opentelemetry-sdk-metrics/1.31.0/opentelemetry-sdk-metrics-1.31.0.jar:/home/tigas/.m2/repository/io/opentelemetry/opentelemetry-extension-incubator/1.31.0-alpha/opentelemetry-extension-incubator-1.31.0-alpha.jar:/home/tigas/.m2/repository/io/opentelemetry/opentelemetry-sdk-logs/1.31.0/opentelemetry-sdk-logs-1.31.0.jar:/home/tigas/.m2/repository/io/opentelemetry/opentelemetry-semconv/1.28.0-alpha/opentelemetry-semconv-1.28.0-alpha.jar:/home/tigas/.m2/repository/org/seleniumhq/selenium/selenium-os/4.14.1/selenium-os-4.14.1.jar:/home/tigas/.m2/repository/org/apache/commons/commons-exec/1.3/commons-exec-1.3.jar:/home/tigas/.m2/repository/org/seleniumhq/selenium/selenium-safari-driver/4.14.1/selenium-safari-driver-4.14.1.jar:/home/tigas/.m2/repository/org/seleniumhq/selenium/selenium-support/4.14.1/selenium-support-4.14.1.jar:/home/tigas/.m2/repository/io/github/bonigarcia/selenium-jupiter/5.1.0/selenium-jupiter-5.1.0.jar:/home/tigas/.m2/repository/org/slf4j/slf4j-api/2.0.13/slf4j-api-2.0.13.jar:/home/tigas/.m2/repository/io/github/bonigarcia/webdrivermanager/5.7.0/webdrivermanager-5.7.0.jar:/home/tigas/.m2/repository/com/github/docker-java/docker-java/3.3.5/docker-java-3.3.5.jar:/home/tigas/.m2/repository/com/github/docker-java/docker-java-core/3.3.5/docker-java-core-3.3.5.jar:/home/tigas/.m2/repository/commons-io/commons-io/2.13.0/commons-io-2.13.0.jar:/home/tigas/.m2/repository/org/bouncycastle/bcpkix-jdk18on/1.76/bcpkix-jdk18on-1.76.jar:/home/tigas/.m2/repository/org/bouncycastle/bcprov-jdk18on/1.76/bcprov-jdk18on-1.76.jar:/home/tigas/.m2/repository/org/bouncycastle/bcutil-jdk18on/1.76/bcutil-jdk18on-1.76.jar:/home/tigas/.m2/repository/org/slf4j/jcl-over-slf4j/2.0.13/jcl-over-slf4j-2.0.13.jar:/home/tigas/.m2/repository/com/github/docker-java/docker-java-transport-httpclient5/3.3.5/docker-java-transport-httpclient5-3.3.5.jar:/home/tigas/.m2/repository/org/brotli/dec/0.1.2/dec-0.1.2.jar:/home/tigas/.m2/repository/org/apache/commons/commons-lang3/3.13.0/commons-lang3-3.13.0.jar:/home/tigas/.m2/repository/org/apache/httpcomponents/client5/httpclient5/5.2.3/httpclient5-5.2.3.jar:/home/tigas/.m2/repository/org/apache/httpcomponents/core5/httpcore5/5.2.4/httpcore5-5.2.4.jar:/home/tigas/.m2/repository/org/apache/httpcomponents/core5/httpcore5-h2/5.2.4/httpcore5-h2-5.2.4.jar:/home/tigas/.m2/repository/org/junit/platform/junit-platform-suite/1.10.1/junit-platform-suite-1.10.1.jar:/home/tigas/.m2/repository/org/junit/platform/junit-platform-suite-api/1.10.2/junit-platform-suite-api-1.10.2.jar:/home/tigas/.m2/repository/org/junit/platform/junit-platform-suite-engine/1.10.2/junit-platform-suite-engine-1.10.2.jar:/home/tigas/.m2/repository/org/junit/platform/junit-platform-suite-commons/1.10.2/junit-platform-suite-commons-1.10.2.jar:/home/tigas/.m2/repository/io/cucumber/cucumber-java/7.15.0/cucumber-java-7.15.0.jar:/home/tigas/.m2/repository/io/cucumber/cucumber-core/7.15.0/cucumber-core-7.15.0.jar:/home/tigas/.m2/repository/io/cucumber/cucumber-gherkin/7.15.0/cucumber-gherkin-7.15.0.jar:/home/tigas/.m2/repository/io/cucumber/cucumber-gherkin-messages/7.15.0/cucumber-gherkin-messages-7.15.0.jar:/home/tigas/.m2/repository/io/cucumber/gherkin/26.2.0/gherkin-26.2.0.jar:/home/tigas/.m2/repository/io/cucumber/messages/22.0.0/messages-22.0.0.jar:/home/tigas/.m2/repository/io/cucumber/tag-expressions/6.0.0/tag-expressions-6.0.0.jar:/home/tigas/.m2/repository/io/cucumber/cucumber-expressions/17.0.1/cucumber-expressions-17.0.1.jar:/home/tigas/.m2/repository/io/cucumber/datatable/7.15.0/datatable-7.15.0.jar:/home/tigas/.m2/repository/io/cucumber/cucumber-plugin/7.15.0/cucumber-plugin-7.15.0.jar:/home/tigas/.m2/repository/io/cucumber/docstring/7.15.0/docstring-7.15.0.jar:/home/tigas/.m2/repository/io/cucumber/html-formatter/20.4.0/html-formatter-20.4.0.jar:/home/tigas/.m2/repository/io/cucumber/junit-xml-formatter/0.2.0/junit-xml-formatter-0.2.0.jar:/home/tigas/.m2/repository/io/cucumber/ci-environment/10.0.0/ci-environment-10.0.0.jar:/home/tigas/.m2/repository/org/apiguardian/apiguardian-api/1.1.2/apiguardian-api-1.1.2.jar:/home/tigas/.m2/repository/io/cucumber/cucumber-junit-platform-engine/7.15.0/cucumber-junit-platform-engine-7.15.0.jar:/home/tigas/.m2/repository/org/junit/platform/junit-platform-engine/1.10.2/junit-platform-engine-1.10.2.jar:/home/tigas/.m2/repository/org/opentest4j/opentest4j/1.3.0/opentest4j-1.3.0.jar:/home/tigas/.m2/repository/org/testcontainers/testcontainers/1.19.7/testcontainers-1.19.7.jar:/home/tigas/.m2/repository/junit/junit/4.13.2/junit-4.13.2.jar:/home/tigas/.m2/repository/org/hamcrest/hamcrest-core/2.2/hamcrest-core-2.2.jar:/home/tigas/.m2/repository/org/apache/commons/commons-compress/1.24.0/commons-compress-1.24.0.jar:/home/tigas/.m2/repository/org/rnorth/duct-tape/duct-tape/1.0.8/duct-tape-1.0.8.jar:/home/tigas/.m2/repository/org/jetbrains/annotations/17.0.0/annotations-17.0.0.jar:/home/tigas/.m2/repository/com/github/docker-java/docker-java-api/3.3.6/docker-java-api-3.3.6.jar:/home/tigas/.m2/repository/com/fasterxml/jackson/core/jackson-annotations/2.15.4/jackson-annotations-2.15.4.jar:/home/tigas/.m2/repository/com/github/docker-java/docker-java-transport-zerodep/3.3.6/docker-java-transport-zerodep-3.3.6.jar:/home/tigas/.m2/repository/com/github/docker-java/docker-java-transport/3.3.6/docker-java-transport-3.3.6.jar:/home/tigas/.m2/repository/net/java/dev/jna/jna/5.13.0/jna-5.13.0.jar:/home/tigas/.m2/repository/org/testcontainers/selenium/1.19.7/selenium-1.19.7.jar:/home/tigas/.m2/repository/app/getxray/xray-junit-extensions/0.7.3/xray-junit-extensions-0.7.3.jar:/home/tigas/.m2/repository/org/junit/jupiter/junit-jupiter-api/5.10.2/junit-jupiter-api-5.10.2.jar:/home/tigas/.m2/repository/org/junit/platform/junit-platform-reporting/1.10.2/junit-platform-reporting-1.10.2.jar:/home/tigas/.m2/repository/org/junit/platform/junit-platform-launcher/1.10.2/junit-platform-launcher-1.10.2.jar:/home/tigas/.m2/repository/org/junit/platform/junit-platform-commons/1.10.2/junit-platform-commons-1.10.2.jar:/home/tigas/.m2/repository/app/getxray/xray-maven-plugin/0.7.4/xray-maven-plugin-0.7.4.jar:/home/tigas/.m2/repository/com/squareup/okhttp3/okhttp/4.12.0/okhttp-4.12.0.jar:/home/tigas/.m2/repository/com/squareup/okio/okio/3.6.0/okio-3.6.0.jar:/home/tigas/.m2/repository/com/squareup/okio/okio-jvm/3.6.0/okio-jvm-3.6.0.jar:/home/tigas/.m2/repository/org/jetbrains/kotlin/kotlin-stdlib-common/1.9.23/kotlin-stdlib-common-1.9.23.jar:/home/tigas/.m2/repository/org/jetbrains/kotlin/kotlin-stdlib-jdk8/1.9.23/kotlin-stdlib-jdk8-1.9.23.jar:/home/tigas/.m2/repository/org/jetbrains/kotlin/kotlin-stdlib/1.9.23/kotlin-stdlib-1.9.23.jar:/home/tigas/.m2/repository/org/jetbrains/kotlin/kotlin-stdlib-jdk7/1.9.23/kotlin-stdlib-jdk7-1.9.23.jar:/home/tigas/.m2/repository/org/json/json/20231013/json-20231013.jar:/home/tigas/.m2/repository/org/codehaus/plexus/plexus-utils/3.4.1/plexus-utils-3.4.1.jar:/home/tigas/.m2/repository/org/springdoc/springdoc-openapi-starter-webmvc-ui/2.2.0/springdoc-openapi-starter-webmvc-ui-2.2.0.jar:/home/tigas/.m2/repository/org/springdoc/springdoc-openapi-starter-webmvc-api/2.2.0/springdoc-openapi-starter-webmvc-api-2.2.0.jar:/home/tigas/.m2/repository/org/springdoc/springdoc-openapi-starter-common/2.2.0/springdoc-openapi-starter-common-2.2.0.jar:/home/tigas/.m2/repository/io/swagger/core/v3/swagger-core-jakarta/2.2.15/swagger-core-jakarta-2.2.15.jar:/home/tigas/.m2/repository/io/swagger/core/v3/swagger-annotations-jakarta/2.2.15/swagger-annotations-jakarta-2.2.15.jar:/home/tigas/.m2/repository/io/swagger/core/v3/swagger-models-jakarta/2.2.15/swagger-models-jakarta-2.2.15.jar:/home/tigas/.m2/repository/com/fasterxml/jackson/dataformat/jackson-dataformat-yaml/2.15.4/jackson-dataformat-yaml-2.15.4.jar:/home/tigas/.m2/repository/org/webjars/swagger-ui/5.2.0/swagger-ui-5.2.0.jar:/home/tigas/.m2/repository/org/flywaydb/flyway-core/9.22.3/flyway-core-9.22.3.jar:/home/tigas/.m2/repository/com/fasterxml/jackson/dataformat/jackson-dataformat-toml/2.15.4/jackson-dataformat-toml-2.15.4.jar:/home/tigas/.m2/repository/com/fasterxml/jackson/core/jackson-core/2.15.4/jackson-core-2.15.4.jar:/home/tigas/.m2/repository/com/google/code/gson/gson/2.10.1/gson-2.10.1.jar:/home/tigas/.m2/repository/io/rest-assured/rest-assured/5.4.0/rest-assured-5.4.0.jar:/home/tigas/.m2/repository/org/apache/groovy/groovy/4.0.21/groovy-4.0.21.jar:/home/tigas/.m2/repository/org/apache/groovy/groovy-xml/4.0.21/groovy-xml-4.0.21.jar:/home/tigas/.m2/repository/org/apache/httpcomponents/httpclient/4.5.13/httpclient-4.5.13.jar:/home/tigas/.m2/repository/org/apache/httpcomponents/httpcore/4.4.16/httpcore-4.4.16.jar:/home/tigas/.m2/repository/commons-logging/commons-logging/1.2/commons-logging-1.2.jar:/home/tigas/.m2/repository/commons-codec/commons-codec/1.16.1/commons-codec-1.16.1.jar:/home/tigas/.m2/repository/org/apache/httpcomponents/httpmime/4.5.13/httpmime-4.5.13.jar:/home/tigas/.m2/repository/org/ccil/cowan/tagsoup/tagsoup/1.2.1/tagsoup-1.2.1.jar:/home/tigas/.m2/repository/io/rest-assured/json-path/5.3.2/json-path-5.3.2.jar:/home/tigas/.m2/repository/org/apache/groovy/groovy-json/4.0.21/groovy-json-4.0.21.jar:/home/tigas/.m2/repository/io/rest-assured/rest-assured-common/5.3.2/rest-assured-common-5.3.2.jar:/home/tigas/.m2/repository/io/rest-assured/xml-path/5.3.2/xml-path-5.3.2.jar:/home/tigas/.m2/repository/io/rest-assured/spring-mock-mvc/5.3.2/spring-mock-mvc-5.3.2.jar:/home/tigas/.m2/repository/io/rest-assured/spring-commons/5.3.2/spring-commons-5.3.2.jar:/home/tigas/.m2/repository/org/hamcrest/hamcrest/2.2/hamcrest-2.2.jar:"/>
<property name="java.class.version" value="61.0"/>
<property name="java.home" value="C:\Program Files\Eclipse Adoptium\jdk-17.0.10.7-hotspot"/>
<property name="java.io.tmpdir" value="C:\Users\D\AppData\Local\Temp\"/>
<property name="java.library.path" value="C:\Program Files\Eclipse Adoptium\jdk-17.0.10.7-hotspot\bin;C:\Windows\Sun\Java\bin;C:\Windows\system32;C:\Windows;C:\Program Files\Eclipse Adoptium\jdk-17.0.10.7-hotspot\bin;C:\Windows\system32;C:\Windows;C:\Windows\System32\Wbem;C:\Windows\System32\WindowsPowerShell\v1.0\;C:\Windows\System32\OpenSSH\;C:\Program Files\Microsoft VS Code\bin;C:\Program Files\Git\cmd;C:\Program Files\Maven\apache-maven-3.9.6\bin;C:\Program Files\Maven\apache-maven-3.9.6\bin;C:\Program Files\Docker\Docker\resources\bin;C:\Program Files\CMake\bin;C:\Program Files (x86)\GnuWin32\bin;C:\Program Files\nodejs\;C:\Program Files\Eclipse Adoptium\jdk-17.0.10.7-hotspot\bin;C:\Windows\system32;C:\Windows;C:\Windows\System32\Wbem;C:\Windows\System32\WindowsPowerShell\v1.0\;C:\Windows\System32\OpenSSH\;C:\Program Files\Microsoft VS Code\bin;C:\Program Files\Git\cmd;C:\Program Files\Maven\apache-maven-3.9.6\bin;C:\Program Files\Maven\apache-maven-3.9.6\bin;C:\Program Files\Docker\Docker\resources\bin;C:\Program Files\CMake\bin;C:\Program Files (x86)\GnuWin32\bin;C:\Users\D\AppData\Local\Programs\Python\Python312\Scripts\;C:\Users\D\AppData\Local\Programs\Python\Python312\;C:\Users\D\AppData\Local\Microsoft\WindowsApps;C:\Users\D\AppData\Local\GitHubDesktop\bin;C:\Program Files\Maven\apache-maven-3.9.6\bin;C:\msys64\ucrt64\bin;;C:\WebDriver\bin;C:\Users\D\AppData\Local\Microsoft\WinGet\Packages\Schniz.fnm_Microsoft.Winget.Source_8wekyb3d8bbwe;C:\Users\D\AppData\Roaming\npm;."/>
<property name="java.runtime.name" value="OpenJDK Runtime Environment"/>
<property name="java.runtime.version" value="17.0.10+7"/>
<property name="java.specification.name" value="Java Platform API Specification"/>
<property name="java.specification.vendor" value="Oracle Corporation"/>
<property name="java.specification.version" value="17"/>
<property name="java.vendor" value="Eclipse Adoptium"/>
<property name="java.vendor.url" value="https://adoptium.net/"/>
<property name="java.vendor.url.bug" value="https://github.com/adoptium/adoptium-support/issues"/>
<property name="java.vendor.version" value="Temurin-17.0.10+7"/>
<property name="java.version" value="17.0.10"/>
<property name="java.version.date" value="2024-01-16"/>
<property name="java.vm.compressedOopsMode" value="Zero based"/>
<property name="java.vm.info" value="mixed mode, sharing"/>
<property name="java.vm.name" value="OpenJDK 64-Bit Server VM"/>
<property name="java.vm.specification.name" value="Java Virtual Machine Specification"/>
<property name="java.vm.specification.vendor" value="Oracle Corporation"/>
<property name="java.vm.specification.version" value="17"/>
<property name="java.vm.vendor" value="Eclipse Adoptium"/>
<property name="java.vm.version" value="17.0.10+7"/>
<property name="jdk.debug" value="release"/>
<property name="line.separator" value="
"/>
<property name="localRepository" value="/home/tigas/.m2/repository"/>
<property name="native.encoding" value="UTF-8"/>
<property name="os.arch" value="amd64"/>
<property name="os.name" value="Windows 11"/>
<property name="os.version" value="10.0"/>
<property name="path.separator" value=";"/>
<property name="sun.arch.data.model" value="64"/>
<property name="sun.boot.library.path" value="C:\Program Files\Eclipse Adoptium\jdk-17.0.10.7-hotspot\bin"/>
<property name="sun.cpu.endian" value="little"/>
<property name="sun.cpu.isalist" value="amd64"/>
<property name="sun.io.unicode.encoding" value="UnicodeLittle"/>
<property name="sun.java.command" value="/home/tigas/TQS/TQS_FinalProject/backend/chuchu/target/surefire/surefirebooter-20240602025115860_3.jar /home/tigas/TQS/TQS_FinalProject/backend/chuchu/target/surefire 2024-06-02T02-51-15_743-jvmRun1 surefire-20240602025115860_1tmp surefire_0-20240602025115860_2tmp"/>
<property name="sun.java.launcher" value="SUN_STANDARD"/>
<property name="sun.jnu.encoding" value="Cp1252"/>
<property name="sun.management.compiler" value="HotSpot 64-Bit Tiered Compilers"/>
<property name="surefire.real.class.path" value="/home/tigas/TQS/TQS_FinalProject/backend/chuchu/target/surefire/surefirebooter-20240602025115860_3.jar"/>
<property name="surefire.test.class.path" value="/home/tigas/TQS/TQS_FinalProject/backend/chuchu/target/test-classes:/home/tigas/TQS/TQS_FinalProject/backend/chuchu/target/classes:/home/tigas/.m2/repository/org/springframework/boot/spring-boot-starter-thymeleaf/3.2.5/spring-boot-starter-thymeleaf-3.2.5.jar:/home/tigas/.m2/repository/org/springframework/boot/spring-boot-starter/3.2.5/spring-boot-starter-3.2.5.jar:/home/tigas/.m2/repository/org/springframework/boot/spring-boot-starter-logging/3.2.5/spring-boot-starter-logging-3.2.5.jar:/home/tigas/.m2/repository/ch/qos/logback/logback-classic/1.4.14/logback-classic-1.4.14.jar:/home/tigas/.m2/repository/ch/qos/logback/logback-core/1.4.14/logback-core-1.4.14.jar:/home/tigas/.m2/repository/org/apache/logging/log4j/log4j-to-slf4j/2.21.1/log4j-to-slf4j-2.21.1.jar:/home/tigas/.m2/repository/org/apache/logging/log4j/log4j-api/2.21.1/log4j-api-2.21.1.jar:/home/tigas/.m2/repository/org/slf4j/jul-to-slf4j/2.0.13/jul-to-slf4j-2.0.13.jar:/home/tigas/.m2/repository/jakarta/annotation/jakarta.annotation-api/2.1.1/jakarta.annotation-api-2.1.1.jar:/home/tigas/.m2/repository/org/yaml/snakeyaml/2.2/snakeyaml-2.2.jar:/home/tigas/.m2/repository/org/thymeleaf/thymeleaf-spring6/3.1.2.RELEASE/thymeleaf-spring6-3.1.2.RELEASE.jar:/home/tigas/.m2/repository/org/thymeleaf/thymeleaf/3.1.2.RELEASE/thymeleaf-3.1.2.RELEASE.jar:/home/tigas/.m2/repository/org/attoparser/attoparser/2.0.7.RELEASE/attoparser-2.0.7.RELEASE.jar:/home/tigas/.m2/repository/org/unbescape/unbescape/1.1.6.RELEASE/unbescape-1.1.6.RELEASE.jar:/home/tigas/.m2/repository/org/springframework/boot/spring-boot-starter-oauth2-resource-server/3.2.5/spring-boot-starter-oauth2-resource-server-3.2.5.jar:/home/tigas/.m2/repository/org/springframework/security/spring-security-config/6.2.4/spring-security-config-6.2.4.jar:/home/tigas/.m2/repository/org/springframework/spring-beans/6.1.6/spring-beans-6.1.6.jar:/home/tigas/.m2/repository/org/springframework/spring-context/6.1.6/spring-context-6.1.6.jar:/home/tigas/.m2/repository/org/springframework/security/spring-security-core/6.2.4/spring-security-core-6.2.4.jar:/home/tigas/.m2/repository/org/springframework/security/spring-security-crypto/6.2.4/spring-security-crypto-6.2.4.jar:/home/tigas/.m2/repository/org/springframework/spring-expression/6.1.6/spring-expression-6.1.6.jar:/home/tigas/.m2/repository/io/micrometer/micrometer-observation/1.12.5/micrometer-observation-1.12.5.jar:/home/tigas/.m2/repository/io/micrometer/micrometer-commons/1.12.5/micrometer-commons-1.12.5.jar:/home/tigas/.m2/repository/org/springframework/security/spring-security-oauth2-resource-server/6.2.4/spring-security-oauth2-resource-server-6.2.4.jar:/home/tigas/.m2/repository/org/springframework/security/spring-security-oauth2-core/6.2.4/spring-security-oauth2-core-6.2.4.jar:/home/tigas/.m2/repository/org/springframework/security/spring-security-oauth2-jose/6.2.4/spring-security-oauth2-jose-6.2.4.jar:/home/tigas/.m2/repository/com/nimbusds/nimbus-jose-jwt/9.24.4/nimbus-jose-jwt-9.24.4.jar:/home/tigas/.m2/repository/com/github/stephenc/jcip/jcip-annotations/1.0-1/jcip-annotations-1.0-1.jar:/home/tigas/.m2/repository/org/springframework/boot/spring-boot-starter-data-jpa/3.2.5/spring-boot-starter-data-jpa-3.2.5.jar:/home/tigas/.m2/repository/org/springframework/boot/spring-boot-starter-aop/3.2.5/spring-boot-starter-aop-3.2.5.jar:/home/tigas/.m2/repository/org/aspectj/aspectjweaver/1.9.22/aspectjweaver-1.9.22.jar:/home/tigas/.m2/repository/org/springframework/boot/spring-boot-starter-jdbc/3.2.5/spring-boot-starter-jdbc-3.2.5.jar:/home/tigas/.m2/repository/com/zaxxer/HikariCP/5.0.1/HikariCP-5.0.1.jar:/home/tigas/.m2/repository/org/springframework/spring-jdbc/6.1.6/spring-jdbc-6.1.6.jar:/home/tigas/.m2/repository/org/hibernate/orm/hibernate-core/6.4.4.Final/hibernate-core-6.4.4.Final.jar:/home/tigas/.m2/repository/jakarta/persistence/jakarta.persistence-api/3.1.0/jakarta.persistence-api-3.1.0.jar:/home/tigas/.m2/repository/jakarta/transaction/jakarta.transaction-api/2.0.1/jakarta.transaction-api-2.0.1.jar:/home/tigas/.m2/repository/org/jboss/logging/jboss-logging/3.5.3.Final/jboss-logging-3.5.3.Final.jar:/home/tigas/.m2/repository/org/hibernate/common/hibernate-commons-annotations/6.0.6.Final/hibernate-commons-annotations-6.0.6.Final.jar:/home/tigas/.m2/repository/io/smallrye/jandex/3.1.2/jandex-3.1.2.jar:/home/tigas/.m2/repository/com/fasterxml/classmate/1.6.0/classmate-1.6.0.jar:/home/tigas/.m2/repository/net/bytebuddy/byte-buddy/1.14.13/byte-buddy-1.14.13.jar:/home/tigas/.m2/repository/org/glassfish/jaxb/jaxb-runtime/4.0.5/jaxb-runtime-4.0.5.jar:/home/tigas/.m2/repository/org/glassfish/jaxb/jaxb-core/4.0.5/jaxb-core-4.0.5.jar:/home/tigas/.m2/repository/org/eclipse/angus/angus-activation/2.0.2/angus-activation-2.0.2.jar:/home/tigas/.m2/repository/org/glassfish/jaxb/txw2/4.0.5/txw2-4.0.5.jar:/home/tigas/.m2/repository/com/sun/istack/istack-commons-runtime/4.1.2/istack-commons-runtime-4.1.2.jar:/home/tigas/.m2/repository/jakarta/inject/jakarta.inject-api/2.0.1/jakarta.inject-api-2.0.1.jar:/home/tigas/.m2/repository/org/antlr/antlr4-runtime/4.13.0/antlr4-runtime-4.13.0.jar:/home/tigas/.m2/repository/org/springframework/data/spring-data-jpa/3.2.5/spring-data-jpa-3.2.5.jar:/home/tigas/.m2/repository/org/springframework/data/spring-data-commons/3.2.5/spring-data-commons-3.2.5.jar:/home/tigas/.m2/repository/org/springframework/spring-orm/6.1.6/spring-orm-6.1.6.jar:/home/tigas/.m2/repository/org/springframework/spring-tx/6.1.6/spring-tx-6.1.6.jar:/home/tigas/.m2/repository/org/springframework/spring-aspects/6.1.6/spring-aspects-6.1.6.jar:/home/tigas/.m2/repository/org/springframework/boot/spring-boot-starter-data-neo4j/3.2.5/spring-boot-starter-data-neo4j-3.2.5.jar:/home/tigas/.m2/repository/org/springframework/data/spring-data-neo4j/7.2.5/spring-data-neo4j-7.2.5.jar:/home/tigas/.m2/repository/org/neo4j/neo4j-cypher-dsl/2023.2.0/neo4j-cypher-dsl-2023.2.0.jar:/home/tigas/.m2/repository/org/neo4j/neo4j-cypher-dsl-schema-name-support/2023.2.0/neo4j-cypher-dsl-schema-name-support-2023.2.0.jar:/home/tigas/.m2/repository/org/neo4j/driver/neo4j-java-driver/5.19.0/neo4j-java-driver-5.19.0.jar:/home/tigas/.m2/repository/org/reactivestreams/reactive-streams/1.0.4/reactive-streams-1.0.4.jar:/home/tigas/.m2/repository/io/netty/netty-handler/4.1.109.Final/netty-handler-4.1.109.Final.jar:/home/tigas/.m2/repository/io/netty/netty-common/4.1.109.Final/netty-common-4.1.109.Final.jar:/home/tigas/.m2/repository/io/netty/netty-resolver/4.1.109.Final/netty-resolver-4.1.109.Final.jar:/home/tigas/.m2/repository/io/netty/netty-buffer/4.1.109.Final/netty-buffer-4.1.109.Final.jar:/home/tigas/.m2/repository/io/netty/netty-transport/4.1.109.Final/netty-transport-4.1.109.Final.jar:/home/tigas/.m2/repository/io/netty/netty-transport-native-unix-common/4.1.109.Final/netty-transport-native-unix-common-4.1.109.Final.jar:/home/tigas/.m2/repository/io/netty/netty-codec/4.1.109.Final/netty-codec-4.1.109.Final.jar:/home/tigas/.m2/repository/io/netty/netty-tcnative-classes/2.0.65.Final/netty-tcnative-classes-2.0.65.Final.jar:/home/tigas/.m2/repository/io/projectreactor/reactor-core/3.6.5/reactor-core-3.6.5.jar:/home/tigas/.m2/repository/org/springframework/boot/spring-boot-starter-validation/3.2.5/spring-boot-starter-validation-3.2.5.jar:/home/tigas/.m2/repository/org/apache/tomcat/embed/tomcat-embed-el/10.1.20/tomcat-embed-el-10.1.20.jar:/home/tigas/.m2/repository/org/hibernate/validator/hibernate-validator/8.0.1.Final/hibernate-validator-8.0.1.Final.jar:/home/tigas/.m2/repository/jakarta/validation/jakarta.validation-api/3.0.2/jakarta.validation-api-3.0.2.jar:/home/tigas/.m2/repository/org/springframework/boot/spring-boot-starter-security/3.2.5/spring-boot-starter-security-3.2.5.jar:/home/tigas/.m2/repository/org/springframework/spring-aop/6.1.6/spring-aop-6.1.6.jar:/home/tigas/.m2/repository/org/springframework/security/spring-security-web/6.2.4/spring-security-web-6.2.4.jar:/home/tigas/.m2/repository/org/springframework/boot/spring-boot-starter-web/3.2.5/spring-boot-starter-web-3.2.5.jar:/home/tigas/.m2/repository/org/springframework/boot/spring-boot-starter-json/3.2.5/spring-boot-starter-json-3.2.5.jar:/home/tigas/.m2/repository/com/fasterxml/jackson/core/jackson-databind/2.15.4/jackson-databind-2.15.4.jar:/home/tigas/.m2/repository/com/fasterxml/jackson/datatype/jackson-datatype-jdk8/2.15.4/jackson-datatype-jdk8-2.15.4.jar:/home/tigas/.m2/repository/com/fasterxml/jackson/datatype/jackson-datatype-jsr310/2.15.4/jackson-datatype-jsr310-2.15.4.jar:/home/tigas/.m2/repository/com/fasterxml/jackson/module/jackson-module-parameter-names/2.15.4/jackson-module-parameter-names-2.15.4.jar:/home/tigas/.m2/repository/org/springframework/boot/spring-boot-starter-tomcat/3.2.5/spring-boot-starter-tomcat-3.2.5.jar:/home/tigas/.m2/repository/org/apache/tomcat/embed/tomcat-embed-core/10.1.20/tomcat-embed-core-10.1.20.jar:/home/tigas/.m2/repository/org/apache/tomcat/embed/tomcat-embed-websocket/10.1.20/tomcat-embed-websocket-10.1.20.jar:/home/tigas/.m2/repository/org/springframework/spring-web/6.1.6/spring-web-6.1.6.jar:/home/tigas/.m2/repository/org/springframework/spring-webmvc/6.1.6/spring-webmvc-6.1.6.jar:/home/tigas/.m2/repository/org/springframework/session/spring-session-core/3.2.2/spring-session-core-3.2.2.jar:/home/tigas/.m2/repository/org/springframework/spring-jcl/6.1.6/spring-jcl-6.1.6.jar:/home/tigas/.m2/repository/org/springframework/boot/spring-boot-devtools/3.2.5/spring-boot-devtools-3.2.5.jar:/home/tigas/.m2/repository/org/springframework/boot/spring-boot/3.2.5/spring-boot-3.2.5.jar:/home/tigas/.m2/repository/org/springframework/boot/spring-boot-autoconfigure/3.2.5/spring-boot-autoconfigure-3.2.5.jar:/home/tigas/.m2/repository/org/postgresql/postgresql/42.6.2/postgresql-42.6.2.jar:/home/tigas/.m2/repository/org/checkerframework/checker-qual/3.31.0/checker-qual-3.31.0.jar:/home/tigas/.m2/repository/org/projectlombok/lombok/1.18.32/lombok-1.18.32.jar:/home/tigas/.m2/repository/org/springframework/boot/spring-boot-starter-test/3.2.5/spring-boot-starter-test-3.2.5.jar:/home/tigas/.m2/repository/org/springframework/boot/spring-boot-test/3.2.5/spring-boot-test-3.2.5.jar:/home/tigas/.m2/repository/org/springframework/boot/spring-boot-test-autoconfigure/3.2.5/spring-boot-test-autoconfigure-3.2.5.jar:/home/tigas/.m2/repository/com/jayway/jsonpath/json-path/2.9.0/json-path-2.9.0.jar:/home/tigas/.m2/repository/jakarta/xml/bind/jakarta.xml.bind-api/4.0.2/jakarta.xml.bind-api-4.0.2.jar:/home/tigas/.m2/repository/jakarta/activation/jakarta.activation-api/2.1.3/jakarta.activation-api-2.1.3.jar:/home/tigas/.m2/repository/net/minidev/json-smart/2.5.1/json-smart-2.5.1.jar:/home/tigas/.m2/repository/net/minidev/accessors-smart/2.5.1/accessors-smart-2.5.1.jar:/home/tigas/.m2/repository/org/ow2/asm/asm/9.6/asm-9.6.jar:/home/tigas/.m2/repository/org/assertj/assertj-core/3.24.2/assertj-core-3.24.2.jar:/home/tigas/.m2/repository/org/awaitility/awaitility/4.2.1/awaitility-4.2.1.jar:/home/tigas/.m2/repository/org/junit/jupiter/junit-jupiter/5.10.2/junit-jupiter-5.10.2.jar:/home/tigas/.m2/repository/org/junit/jupiter/junit-jupiter-params/5.10.2/junit-jupiter-params-5.10.2.jar:/home/tigas/.m2/repository/org/junit/jupiter/junit-jupiter-engine/5.10.2/junit-jupiter-engine-5.10.2.jar:/home/tigas/.m2/repository/org/mockito/mockito-core/5.7.0/mockito-core-5.7.0.jar:/home/tigas/.m2/repository/net/bytebuddy/byte-buddy-agent/1.14.13/byte-buddy-agent-1.14.13.jar:/home/tigas/.m2/repository/org/objenesis/objenesis/3.3/objenesis-3.3.jar:/home/tigas/.m2/repository/org/mockito/mockito-junit-jupiter/5.7.0/mockito-junit-jupiter-5.7.0.jar:/home/tigas/.m2/repository/org/skyscreamer/jsonassert/1.5.1/jsonassert-1.5.1.jar:/home/tigas/.m2/repository/com/vaadin/external/google/android-json/0.0.20131108.vaadin1/android-json-0.0.20131108.vaadin1.jar:/home/tigas/.m2/repository/org/springframework/spring-core/6.1.6/spring-core-6.1.6.jar:/home/tigas/.m2/repository/org/springframework/spring-test/6.1.6/spring-test-6.1.6.jar:/home/tigas/.m2/repository/org/xmlunit/xmlunit-core/2.9.1/xmlunit-core-2.9.1.jar:/home/tigas/.m2/repository/org/springframework/boot/spring-boot-testcontainers/3.2.5/spring-boot-testcontainers-3.2.5.jar:/home/tigas/.m2/repository/org/springframework/security/spring-security-test/6.2.4/spring-security-test-6.2.4.jar:/home/tigas/.m2/repository/org/testcontainers/junit-jupiter/1.19.7/junit-jupiter-1.19.7.jar:/home/tigas/.m2/repository/org/testcontainers/postgresql/1.19.7/postgresql-1.19.7.jar:/home/tigas/.m2/repository/org/testcontainers/jdbc/1.19.7/jdbc-1.19.7.jar:/home/tigas/.m2/repository/org/testcontainers/database-commons/1.19.7/database-commons-1.19.7.jar:/home/tigas/.m2/repository/org/seleniumhq/selenium/selenium-java/4.20.0/selenium-java-4.20.0.jar:/home/tigas/.m2/repository/org/seleniumhq/selenium/selenium-api/4.14.1/selenium-api-4.14.1.jar:/home/tigas/.m2/repository/org/seleniumhq/selenium/selenium-chrome-driver/4.14.1/selenium-chrome-driver-4.14.1.jar:/home/tigas/.m2/repository/com/google/auto/service/auto-service-annotations/1.1.1/auto-service-annotations-1.1.1.jar:/home/tigas/.m2/repository/com/google/guava/guava/32.1.2-jre/guava-32.1.2-jre.jar:/home/tigas/.m2/repository/com/google/guava/failureaccess/1.0.1/failureaccess-1.0.1.jar:/home/tigas/.m2/repository/com/google/guava/listenablefuture/9999.0-empty-to-avoid-conflict-with-guava/listenablefuture-9999.0-empty-to-avoid-conflict-with-guava.jar:/home/tigas/.m2/repository/com/google/code/findbugs/jsr305/3.0.2/jsr305-3.0.2.jar:/home/tigas/.m2/repository/com/google/errorprone/error_prone_annotations/2.18.0/error_prone_annotations-2.18.0.jar:/home/tigas/.m2/repository/com/google/j2objc/j2objc-annotations/2.8/j2objc-annotations-2.8.jar:/home/tigas/.m2/repository/org/seleniumhq/selenium/selenium-chromium-driver/4.14.1/selenium-chromium-driver-4.14.1.jar:/home/tigas/.m2/repository/org/seleniumhq/selenium/selenium-json/4.14.1/selenium-json-4.14.1.jar:/home/tigas/.m2/repository/org/seleniumhq/selenium/selenium-manager/4.14.1/selenium-manager-4.14.1.jar:/home/tigas/.m2/repository/org/seleniumhq/selenium/selenium-devtools-v122/4.20.0/selenium-devtools-v122-4.20.0.jar:/home/tigas/.m2/repository/org/seleniumhq/selenium/selenium-devtools-v123/4.20.0/selenium-devtools-v123-4.20.0.jar:/home/tigas/.m2/repository/org/seleniumhq/selenium/selenium-devtools-v124/4.20.0/selenium-devtools-v124-4.20.0.jar:/home/tigas/.m2/repository/org/seleniumhq/selenium/selenium-devtools-v85/4.14.1/selenium-devtools-v85-4.14.1.jar:/home/tigas/.m2/repository/org/seleniumhq/selenium/selenium-edge-driver/4.14.1/selenium-edge-driver-4.14.1.jar:/home/tigas/.m2/repository/org/seleniumhq/selenium/selenium-firefox-driver/4.14.1/selenium-firefox-driver-4.14.1.jar:/home/tigas/.m2/repository/org/seleniumhq/selenium/selenium-http/4.14.1/selenium-http-4.14.1.jar:/home/tigas/.m2/repository/dev/failsafe/failsafe/3.3.2/failsafe-3.3.2.jar:/home/tigas/.m2/repository/org/seleniumhq/selenium/selenium-ie-driver/4.14.1/selenium-ie-driver-4.14.1.jar:/home/tigas/.m2/repository/org/seleniumhq/selenium/selenium-remote-driver/4.14.1/selenium-remote-driver-4.14.1.jar:/home/tigas/.m2/repository/io/opentelemetry/opentelemetry-api/1.31.0/opentelemetry-api-1.31.0.jar:/home/tigas/.m2/repository/io/opentelemetry/opentelemetry-context/1.31.0/opentelemetry-context-1.31.0.jar:/home/tigas/.m2/repository/io/opentelemetry/opentelemetry-exporter-logging/1.31.0/opentelemetry-exporter-logging-1.31.0.jar:/home/tigas/.m2/repository/io/opentelemetry/opentelemetry-sdk-common/1.31.0/opentelemetry-sdk-common-1.31.0.jar:/home/tigas/.m2/repository/io/opentelemetry/opentelemetry-sdk-extension-autoconfigure-spi/1.31.0/opentelemetry-sdk-extension-autoconfigure-spi-1.31.0.jar:/home/tigas/.m2/repository/io/opentelemetry/opentelemetry-sdk-extension-autoconfigure/1.31.0/opentelemetry-sdk-extension-autoconfigure-1.31.0.jar:/home/tigas/.m2/repository/io/opentelemetry/opentelemetry-api-events/1.31.0-alpha/opentelemetry-api-events-1.31.0-alpha.jar:/home/tigas/.m2/repository/io/opentelemetry/opentelemetry-sdk-trace/1.31.0/opentelemetry-sdk-trace-1.31.0.jar:/home/tigas/.m2/repository/io/opentelemetry/opentelemetry-sdk/1.31.0/opentelemetry-sdk-1.31.0.jar:/home/tigas/.m2/repository/io/opentelemetry/opentelemetry-sdk-metrics/1.31.0/opentelemetry-sdk-metrics-1.31.0.jar:/home/tigas/.m2/repository/io/opentelemetry/opentelemetry-extension-incubator/1.31.0-alpha/opentelemetry-extension-incubator-1.31.0-alpha.jar:/home/tigas/.m2/repository/io/opentelemetry/opentelemetry-sdk-logs/1.31.0/opentelemetry-sdk-logs-1.31.0.jar:/home/tigas/.m2/repository/io/opentelemetry/opentelemetry-semconv/1.28.0-alpha/opentelemetry-semconv-1.28.0-alpha.jar:/home/tigas/.m2/repository/org/seleniumhq/selenium/selenium-os/4.14.1/selenium-os-4.14.1.jar:/home/tigas/.m2/repository/org/apache/commons/commons-exec/1.3/commons-exec-1.3.jar:/home/tigas/.m2/repository/org/seleniumhq/selenium/selenium-safari-driver/4.14.1/selenium-safari-driver-4.14.1.jar:/home/tigas/.m2/repository/org/seleniumhq/selenium/selenium-support/4.14.1/selenium-support-4.14.1.jar:/home/tigas/.m2/repository/io/github/bonigarcia/selenium-jupiter/5.1.0/selenium-jupiter-5.1.0.jar:/home/tigas/.m2/repository/org/slf4j/slf4j-api/2.0.13/slf4j-api-2.0.13.jar:/home/tigas/.m2/repository/io/github/bonigarcia/webdrivermanager/5.7.0/webdrivermanager-5.7.0.jar:/home/tigas/.m2/repository/com/github/docker-java/docker-java/3.3.5/docker-java-3.3.5.jar:/home/tigas/.m2/repository/com/github/docker-java/docker-java-core/3.3.5/docker-java-core-3.3.5.jar:/home/tigas/.m2/repository/commons-io/commons-io/2.13.0/commons-io-2.13.0.jar:/home/tigas/.m2/repository/org/bouncycastle/bcpkix-jdk18on/1.76/bcpkix-jdk18on-1.76.jar:/home/tigas/.m2/repository/org/bouncycastle/bcprov-jdk18on/1.76/bcprov-jdk18on-1.76.jar:/home/tigas/.m2/repository/org/bouncycastle/bcutil-jdk18on/1.76/bcutil-jdk18on-1.76.jar:/home/tigas/.m2/repository/org/slf4j/jcl-over-slf4j/2.0.13/jcl-over-slf4j-2.0.13.jar:/home/tigas/.m2/repository/com/github/docker-java/docker-java-transport-httpclient5/3.3.5/docker-java-transport-httpclient5-3.3.5.jar:/home/tigas/.m2/repository/org/brotli/dec/0.1.2/dec-0.1.2.jar:/home/tigas/.m2/repository/org/apache/commons/commons-lang3/3.13.0/commons-lang3-3.13.0.jar:/home/tigas/.m2/repository/org/apache/httpcomponents/client5/httpclient5/5.2.3/httpclient5-5.2.3.jar:/home/tigas/.m2/repository/org/apache/httpcomponents/core5/httpcore5/5.2.4/httpcore5-5.2.4.jar:/home/tigas/.m2/repository/org/apache/httpcomponents/core5/httpcore5-h2/5.2.4/httpcore5-h2-5.2.4.jar:/home/tigas/.m2/repository/org/junit/platform/junit-platform-suite/1.10.1/junit-platform-suite-1.10.1.jar:/home/tigas/.m2/repository/org/junit/platform/junit-platform-suite-api/1.10.2/junit-platform-suite-api-1.10.2.jar:/home/tigas/.m2/repository/org/junit/platform/junit-platform-suite-engine/1.10.2/junit-platform-suite-engine-1.10.2.jar:/home/tigas/.m2/repository/org/junit/platform/junit-platform-suite-commons/1.10.2/junit-platform-suite-commons-1.10.2.jar:/home/tigas/.m2/repository/io/cucumber/cucumber-java/7.15.0/cucumber-java-7.15.0.jar:/home/tigas/.m2/repository/io/cucumber/cucumber-core/7.15.0/cucumber-core-7.15.0.jar:/home/tigas/.m2/repository/io/cucumber/cucumber-gherkin/7.15.0/cucumber-gherkin-7.15.0.jar:/home/tigas/.m2/repository/io/cucumber/cucumber-gherkin-messages/7.15.0/cucumber-gherkin-messages-7.15.0.jar:/home/tigas/.m2/repository/io/cucumber/gherkin/26.2.0/gherkin-26.2.0.jar:/home/tigas/.m2/repository/io/cucumber/messages/22.0.0/messages-22.0.0.jar:/home/tigas/.m2/repository/io/cucumber/tag-expressions/6.0.0/tag-expressions-6.0.0.jar:/home/tigas/.m2/repository/io/cucumber/cucumber-expressions/17.0.1/cucumber-expressions-17.0.1.jar:/home/tigas/.m2/repository/io/cucumber/datatable/7.15.0/datatable-7.15.0.jar:/home/tigas/.m2/repository/io/cucumber/cucumber-plugin/7.15.0/cucumber-plugin-7.15.0.jar:/home/tigas/.m2/repository/io/cucumber/docstring/7.15.0/docstring-7.15.0.jar:/home/tigas/.m2/repository/io/cucumber/html-formatter/20.4.0/html-formatter-20.4.0.jar:/home/tigas/.m2/repository/io/cucumber/junit-xml-formatter/0.2.0/junit-xml-formatter-0.2.0.jar:/home/tigas/.m2/repository/io/cucumber/ci-environment/10.0.0/ci-environment-10.0.0.jar:/home/tigas/.m2/repository/org/apiguardian/apiguardian-api/1.1.2/apiguardian-api-1.1.2.jar:/home/tigas/.m2/repository/io/cucumber/cucumber-junit-platform-engine/7.15.0/cucumber-junit-platform-engine-7.15.0.jar:/home/tigas/.m2/repository/org/junit/platform/junit-platform-engine/1.10.2/junit-platform-engine-1.10.2.jar:/home/tigas/.m2/repository/org/opentest4j/opentest4j/1.3.0/opentest4j-1.3.0.jar:/home/tigas/.m2/repository/org/testcontainers/testcontainers/1.19.7/testcontainers-1.19.7.jar:/home/tigas/.m2/repository/junit/junit/4.13.2/junit-4.13.2.jar:/home/tigas/.m2/repository/org/hamcrest/hamcrest-core/2.2/hamcrest-core-2.2.jar:/home/tigas/.m2/repository/org/apache/commons/commons-compress/1.24.0/commons-compress-1.24.0.jar:/home/tigas/.m2/repository/org/rnorth/duct-tape/duct-tape/1.0.8/duct-tape-1.0.8.jar:/home/tigas/.m2/repository/org/jetbrains/annotations/17.0.0/annotations-17.0.0.jar:/home/tigas/.m2/repository/com/github/docker-java/docker-java-api/3.3.6/docker-java-api-3.3.6.jar:/home/tigas/.m2/repository/com/fasterxml/jackson/core/jackson-annotations/2.15.4/jackson-annotations-2.15.4.jar:/home/tigas/.m2/repository/com/github/docker-java/docker-java-transport-zerodep/3.3.6/docker-java-transport-zerodep-3.3.6.jar:/home/tigas/.m2/repository/com/github/docker-java/docker-java-transport/3.3.6/docker-java-transport-3.3.6.jar:/home/tigas/.m2/repository/net/java/dev/jna/jna/5.13.0/jna-5.13.0.jar:/home/tigas/.m2/repository/org/testcontainers/selenium/1.19.7/selenium-1.19.7.jar:/home/tigas/.m2/repository/app/getxray/xray-junit-extensions/0.7.3/xray-junit-extensions-0.7.3.jar:/home/tigas/.m2/repository/org/junit/jupiter/junit-jupiter-api/5.10.2/junit-jupiter-api-5.10.2.jar:/home/tigas/.m2/repository/org/junit/platform/junit-platform-reporting/1.10.2/junit-platform-reporting-1.10.2.jar:/home/tigas/.m2/repository/org/junit/platform/junit-platform-launcher/1.10.2/junit-platform-launcher-1.10.2.jar:/home/tigas/.m2/repository/org/junit/platform/junit-platform-commons/1.10.2/junit-platform-commons-1.10.2.jar:/home/tigas/.m2/repository/app/getxray/xray-maven-plugin/0.7.4/xray-maven-plugin-0.7.4.jar:/home/tigas/.m2/repository/com/squareup/okhttp3/okhttp/4.12.0/okhttp-4.12.0.jar:/home/tigas/.m2/repository/com/squareup/okio/okio/3.6.0/okio-3.6.0.jar:/home/tigas/.m2/repository/com/squareup/okio/okio-jvm/3.6.0/okio-jvm-3.6.0.jar:/home/tigas/.m2/repository/org/jetbrains/kotlin/kotlin-stdlib-common/1.9.23/kotlin-stdlib-common-1.9.23.jar:/home/tigas/.m2/repository/org/jetbrains/kotlin/kotlin-stdlib-jdk8/1.9.23/kotlin-stdlib-jdk8-1.9.23.jar:/home/tigas/.m2/repository/org/jetbrains/kotlin/kotlin-stdlib/1.9.23/kotlin-stdlib-1.9.23.jar:/home/tigas/.m2/repository/org/jetbrains/kotlin/kotlin-stdlib-jdk7/1.9.23/kotlin-stdlib-jdk7-1.9.23.jar:/home/tigas/.m2/repository/org/json/json/20231013/json-20231013.jar:/home/tigas/.m2/repository/org/codehaus/plexus/plexus-utils/3.4.1/plexus-utils-3.4.1.jar:/home/tigas/.m2/repository/org/springdoc/springdoc-openapi-starter-webmvc-ui/2.2.0/springdoc-openapi-starter-webmvc-ui-2.2.0.jar:/home/tigas/.m2/repository/org/springdoc/springdoc-openapi-starter-webmvc-api/2.2.0/springdoc-openapi-starter-webmvc-api-2.2.0.jar:/home/tigas/.m2/repository/org/springdoc/springdoc-openapi-starter-common/2.2.0/springdoc-openapi-starter-common-2.2.0.jar:/home/tigas/.m2/repository/io/swagger/core/v3/swagger-core-jakarta/2.2.15/swagger-core-jakarta-2.2.15.jar:/home/tigas/.m2/repository/io/swagger/core/v3/swagger-annotations-jakarta/2.2.15/swagger-annotations-jakarta-2.2.15.jar:/home/tigas/.m2/repository/io/swagger/core/v3/swagger-models-jakarta/2.2.15/swagger-models-jakarta-2.2.15.jar:/home/tigas/.m2/repository/com/fasterxml/jackson/dataformat/jackson-dataformat-yaml/2.15.4/jackson-dataformat-yaml-2.15.4.jar:/home/tigas/.m2/repository/org/webjars/swagger-ui/5.2.0/swagger-ui-5.2.0.jar:/home/tigas/.m2/repository/org/flywaydb/flyway-core/9.22.3/flyway-core-9.22.3.jar:/home/tigas/.m2/repository/com/fasterxml/jackson/dataformat/jackson-dataformat-toml/2.15.4/jackson-dataformat-toml-2.15.4.jar:/home/tigas/.m2/repository/com/fasterxml/jackson/core/jackson-core/2.15.4/jackson-core-2.15.4.jar:/home/tigas/.m2/repository/com/google/code/gson/gson/2.10.1/gson-2.10.1.jar:/home/tigas/.m2/repository/io/rest-assured/rest-assured/5.4.0/rest-assured-5.4.0.jar:/home/tigas/.m2/repository/org/apache/groovy/groovy/4.0.21/groovy-4.0.21.jar:/home/tigas/.m2/repository/org/apache/groovy/groovy-xml/4.0.21/groovy-xml-4.0.21.jar:/home/tigas/.m2/repository/org/apache/httpcomponents/httpclient/4.5.13/httpclient-4.5.13.jar:/home/tigas/.m2/repository/org/apache/httpcomponents/httpcore/4.4.16/httpcore-4.4.16.jar:/home/tigas/.m2/repository/commons-logging/commons-logging/1.2/commons-logging-1.2.jar:/home/tigas/.m2/repository/commons-codec/commons-codec/1.16.1/commons-codec-1.16.1.jar:/home/tigas/.m2/repository/org/apache/httpcomponents/httpmime/4.5.13/httpmime-4.5.13.jar:/home/tigas/.m2/repository/org/ccil/cowan/tagsoup/tagsoup/1.2.1/tagsoup-1.2.1.jar:/home/tigas/.m2/repository/io/rest-assured/json-path/5.3.2/json-path-5.3.2.jar:/home/tigas/.m2/repository/org/apache/groovy/groovy-json/4.0.21/groovy-json-4.0.21.jar:/home/tigas/.m2/repository/io/rest-assured/rest-assured-common/5.3.2/rest-assured-common-5.3.2.jar:/home/tigas/.m2/repository/io/rest-assured/xml-path/5.3.2/xml-path-5.3.2.jar:/home/tigas/.m2/repository/io/rest-assured/spring-mock-mvc/5.3.2/spring-mock-mvc-5.3.2.jar:/home/tigas/.m2/repository/io/rest-assured/spring-commons/5.3.2/spring-commons-5.3.2.jar:/home/tigas/.m2/repository/org/hamcrest/hamcrest/2.2/hamcrest-2.2.jar:"/>
<property name="test" value="CucumberTest"/>
<property name="user.dir" value="/home/tigas/TQS/TQS_FinalProject/backend/chuchu"/>
<property name="user.home" value="/home/tigas"/>
<property name="user.language" value="en"/>
<property name="user.language.format" value="pt"/>
<property name="user.name" value="D"/>
<property name="user.script" value=""/>
<property name="user.timezone" value="Europe/Lisbon"/>
<property name="user.variant" value=""/>
</properties>
